<?xml version="1.0" encoding="UTF-8"?>
<testng-results skipped="0" failed="0" ignored="0" total="1" passed="1">
  <reporter-output>
  </reporter-output>
  <suite name="Default suite" duration-ms="10044" started-at="2022-06-26T22:26:45 EDT" finished-at="2022-06-26T22:26:55 EDT">
    <groups>
    </groups>
    <test name="Default test" duration-ms="10044" started-at="2022-06-26T22:26:45 EDT" finished-at="2022-06-26T22:26:55 EDT">
      <class name="seleniumMethods.SeleniumMethods">
        <test-method status="PASS" signature="setUp()[pri:0, instance:seleniumMethods.SeleniumMethods@42eca56e]" name="setUp" is-config="true" duration-ms="4700" started-at="2022-06-26T22:26:45 EDT" finished-at="2022-06-26T22:26:50 EDT">
          <reporter-output>
          </reporter-output>
        </test-method> <!-- setUp -->
        <test-method status="PASS" signature="urlTest()[pri:1, instance:seleniumMethods.SeleniumMethods@42eca56e]" name="urlTest" duration-ms="5088" started-at="2022-06-26T22:26:50 EDT" finished-at="2022-06-26T22:26:55 EDT">
          <reporter-output>
          </reporter-output>
        </test-method> <!-- urlTest -->
        <test-method status="PASS" signature="tearUp()[pri:0, instance:seleniumMethods.SeleniumMethods@42eca56e]" name="tearUp" is-config="true" duration-ms="226" started-at="2022-06-26T22:26:55 EDT" finished-at="2022-06-26T22:26:55 EDT">
          <reporter-output>
          </reporter-output>
        </test-method> <!-- tearUp -->
      </class> <!-- seleniumMethods.SeleniumMethods -->
    </test> <!-- Default test -->
  </suite> <!-- Default suite -->
</testng-results>
